Token: "class", Type: "class", Line: 1:0
Token: "Factorial", Type: "id", Line: 1:6
Token: "{", Type: "{", Line: 1:15
Token: "public", Type: "public", Line: 2:4
Token: "static", Type: "static", Line: 2:11
Token: "void", Type: "void", Line: 2:18
Token: "main", Type: "main", Line: 2:23
Token: "(", Type: "(", Line: 2:27
Token: "String", Type: "id", Line: 2:28
Token: "[", Type: "[", Line: 2:34
Token: "]", Type: "]", Line: 2:35
Token: "a", Type: "id", Line: 2:37
Token: ")", Type: ")", Line: 2:38
Token: "{", Type: "{", Line: 2:39
Token: "System", Type: "id", Line: 3:8
Token: ".", Type: ".", Line: 3:14
Token: "out", Type: "id", Line: 3:15
Token: ".", Type: ".", Line: 3:18
Token: "println", Type: "id", Line: 3:19
Token: "(", Type: "(", Line: 3:26
Token: "new", Type: "new", Line: 3:27
Token: "Fac", Type: "id", Line: 3:31
Token: "(", Type: "(", Line: 3:34
Token: ")", Type: ")", Line: 3:35
Token: ".", Type: ".", Line: 3:36
Token: "ComputeFac", Type: "id", Line: 3:37
Token: "(", Type: "(", Line: 3:47
Token: "10", Type: "<LITERAL_INT>", Line: 3:48
Token: ")", Type: ")", Line: 3:50
Token: ")", Type: ")", Line: 3:51
Token: ";", Type: ";", Line: 3:52
Token: "}", Type: "}", Line: 4:4
Token: "}", Type: "}", Line: 5:0
Token: "class", Type: "class", Line: 7:0
Token: "Fac", Type: "id", Line: 7:6
Token: "{", Type: "{", Line: 7:10
Token: "public", Type: "public", Line: 8:4
Token: "int", Type: "int", Line: 8:11
Token: "ComputeFac", Type: "id", Line: 8:15
Token: "(", Type: "(", Line: 8:25
Token: "int", Type: "int", Line: 8:26
Token: "num", Type: "id", Line: 8:30
Token: ")", Type: ")", Line: 8:33
Token: "{", Type: "{", Line: 8:34
Token: "int", Type: "int", Line: 9:8
Token: "num_aux", Type: "id", Line: 9:12
Token: ";", Type: ";", Line: 9:20
Token: "if", Type: "if", Line: 10:8
Token: "(", Type: "(", Line: 10:11
Token: "num", Type: "id", Line: 10:12
Token: "<", Type: "<", Line: 10:16
Token: "1", Type: "<LITERAL_INT>", Line: 10:18
Token: ")", Type: ")", Line: 10:19
Token: "num_aux", Type: "id", Line: 11:12
Token: "=", Type: "=", Line: 11:20
Token: "1", Type: "<LITERAL_INT>", Line: 11:22
Token: ";", Type: ";", Line: 11:24
Token: "else", Type: "else", Line: 12:8
Token: "num_aux", Type: "id", Line: 13:12
Token: "=", Type: "=", Line: 13:20
Token: "num", Type: "id", Line: 13:22
Token: "*", Type: "*", Line: 13:26
Token: "(", Type: "(", Line: 13:28
Token: "this", Type: "this", Line: 13:29
Token: ".", Type: ".", Line: 13:33
Token: "ComputeFac", Type: "id", Line: 13:34
Token: "(", Type: "(", Line: 13:44
Token: "num", Type: "id", Line: 13:45
Token: "-", Type: "-", Line: 13:48
Token: "1", Type: "<LITERAL_INT>", Line: 13:49
Token: ")", Type: ")", Line: 13:50
Token: ")", Type: ")", Line: 13:51
Token: ";", Type: ";", Line: 13:53
Token: "return", Type: "return", Line: 14:8
Token: "num_aux", Type: "id", Line: 14:15
Token: ";", Type: ";", Line: 14:23
Token: "}", Type: "}", Line: 15:4
Token: "}", Type: "}", Line: 16:0

